<?xml version="1.0" encoding="UTF-8"?>
<!-- Generated by org.testng.reporters.JUnitReportReporter -->
<testsuite hostname="DESKTOP-63C338T" failures="0" tests="1" name="tests.Demo_TestNG" time="3.953" errors="0" timestamp="2023-07-07T12:41:44 IST" skipped="0">
  <testcase classname="tests.Demo_TestNG" name="googleSearch" time="3.953"/>
</testsuite> <!-- tests.Demo_TestNG -->
