<?xml version="1.0" encoding="UTF-8"?>
<!-- Generated by org.testng.reporters.JUnitReportReporter -->
<testsuite hostname="DESKTOP-63C338T" failures="0" tests="1" name="testsOnGymTimeWebApplication.ViewEnquiryTest" time="12.838" errors="0" timestamp="2023-07-14T15:33:18 IST" skipped="0">
  <testcase classname="testsOnGymTimeWebApplication.ViewEnquiryTest" name="login" time="12.838"/>
</testsuite> <!-- testsOnGymTimeWebApplication.ViewEnquiryTest -->
