<?xml version="1.0" encoding="UTF-8"?>
<!-- Generated by org.testng.reporters.JUnitReportReporter -->
<testsuite hostname="DESKTOP-63C338T" failures="0" tests="1" name="tests.Demo_TestNG2" time="3.209" errors="0" timestamp="2023-07-07T18:28:32 IST" skipped="0">
  <testcase classname="tests.Demo_TestNG2" name="googleSearch2" time="3.209"/>
</testsuite> <!-- tests.Demo_TestNG2 -->
