<?xml version="1.0" encoding="UTF-8"?>
<!-- Generated by org.testng.reporters.JUnitReportReporter -->
<testsuite hostname="DESKTOP-63C338T" failures="0" tests="51" name="testsOnGymTimeWebApplication.MandatoryAddEnquiry" time="294.650" errors="0" timestamp="2023-07-18T10:17:15 IST" skipped="0">
  <testcase classname="testsOnGymTimeWebApplication.MandatoryAddEnquiry" name="test1" time="5.665"/>
  <testcase classname="testsOnGymTimeWebApplication.MandatoryAddEnquiry" name="test1" time="5.773"/>
  <testcase classname="testsOnGymTimeWebApplication.MandatoryAddEnquiry" name="test1" time="5.589"/>
  <testcase classname="testsOnGymTimeWebApplication.MandatoryAddEnquiry" name="test1" time="5.559"/>
  <testcase classname="testsOnGymTimeWebApplication.MandatoryAddEnquiry" name="test1" time="5.622"/>
  <testcase classname="testsOnGymTimeWebApplication.MandatoryAddEnquiry" name="test1" time="5.791"/>
  <testcase classname="testsOnGymTimeWebApplication.MandatoryAddEnquiry" name="test1" time="5.553"/>
  <testcase classname="testsOnGymTimeWebApplication.MandatoryAddEnquiry" name="test1" time="5.572"/>
  <testcase classname="testsOnGymTimeWebApplication.MandatoryAddEnquiry" name="test1" time="5.633"/>
  <testcase classname="testsOnGymTimeWebApplication.MandatoryAddEnquiry" name="test1" time="5.768"/>
  <testcase classname="testsOnGymTimeWebApplication.MandatoryAddEnquiry" name="test1" time="5.618"/>
  <testcase classname="testsOnGymTimeWebApplication.MandatoryAddEnquiry" name="test1" time="5.939"/>
  <testcase classname="testsOnGymTimeWebApplication.MandatoryAddEnquiry" name="test1" time="5.694"/>
  <testcase classname="testsOnGymTimeWebApplication.MandatoryAddEnquiry" name="test1" time="5.501"/>
  <testcase classname="testsOnGymTimeWebApplication.MandatoryAddEnquiry" name="test1" time="5.688"/>
  <testcase classname="testsOnGymTimeWebApplication.MandatoryAddEnquiry" name="test1" time="6.255"/>
  <testcase classname="testsOnGymTimeWebApplication.MandatoryAddEnquiry" name="test1" time="5.619"/>
  <testcase classname="testsOnGymTimeWebApplication.MandatoryAddEnquiry" name="test1" time="7.134"/>
  <testcase classname="testsOnGymTimeWebApplication.MandatoryAddEnquiry" name="loginPage" time="6.350"/>
  <testcase classname="testsOnGymTimeWebApplication.MandatoryAddEnquiry" name="test1" time="5.842"/>
  <testcase classname="testsOnGymTimeWebApplication.MandatoryAddEnquiry" name="test1" time="5.608"/>
  <testcase classname="testsOnGymTimeWebApplication.MandatoryAddEnquiry" name="test1" time="5.938"/>
  <testcase classname="testsOnGymTimeWebApplication.MandatoryAddEnquiry" name="test1" time="5.784"/>
  <testcase classname="testsOnGymTimeWebApplication.MandatoryAddEnquiry" name="test1" time="5.830"/>
  <testcase classname="testsOnGymTimeWebApplication.MandatoryAddEnquiry" name="test1" time="5.635"/>
  <testcase classname="testsOnGymTimeWebApplication.MandatoryAddEnquiry" name="test1" time="5.777"/>
  <testcase classname="testsOnGymTimeWebApplication.MandatoryAddEnquiry" name="test1" time="6.490"/>
  <testcase classname="testsOnGymTimeWebApplication.MandatoryAddEnquiry" name="test1" time="5.969"/>
  <testcase classname="testsOnGymTimeWebApplication.MandatoryAddEnquiry" name="test1" time="5.695"/>
  <testcase classname="testsOnGymTimeWebApplication.MandatoryAddEnquiry" name="test1" time="5.499"/>
  <testcase classname="testsOnGymTimeWebApplication.MandatoryAddEnquiry" name="test1" time="5.740"/>
  <testcase classname="testsOnGymTimeWebApplication.MandatoryAddEnquiry" name="test1" time="5.732"/>
  <testcase classname="testsOnGymTimeWebApplication.MandatoryAddEnquiry" name="test1" time="5.632"/>
  <testcase classname="testsOnGymTimeWebApplication.MandatoryAddEnquiry" name="test1" time="5.838"/>
  <testcase classname="testsOnGymTimeWebApplication.MandatoryAddEnquiry" name="test1" time="5.739"/>
  <testcase classname="testsOnGymTimeWebApplication.MandatoryAddEnquiry" name="test1" time="6.546"/>
  <testcase classname="testsOnGymTimeWebApplication.MandatoryAddEnquiry" name="test1" time="5.526"/>
  <testcase classname="testsOnGymTimeWebApplication.MandatoryAddEnquiry" name="test1" time="5.552"/>
  <testcase classname="testsOnGymTimeWebApplication.MandatoryAddEnquiry" name="test1" time="5.664"/>
  <testcase classname="testsOnGymTimeWebApplication.MandatoryAddEnquiry" name="test1" time="5.607"/>
  <testcase classname="testsOnGymTimeWebApplication.MandatoryAddEnquiry" name="test1" time="5.759"/>
  <testcase classname="testsOnGymTimeWebApplication.MandatoryAddEnquiry" name="test1" time="5.563"/>
  <testcase classname="testsOnGymTimeWebApplication.MandatoryAddEnquiry" name="test1" time="5.686"/>
  <testcase classname="testsOnGymTimeWebApplication.MandatoryAddEnquiry" name="test1" time="5.605"/>
  <testcase classname="testsOnGymTimeWebApplication.MandatoryAddEnquiry" name="test1" time="5.586"/>
  <testcase classname="testsOnGymTimeWebApplication.MandatoryAddEnquiry" name="test1" time="5.752"/>
  <testcase classname="testsOnGymTimeWebApplication.MandatoryAddEnquiry" name="test1" time="5.688"/>
  <testcase classname="testsOnGymTimeWebApplication.MandatoryAddEnquiry" name="test1" time="6.041"/>
  <testcase classname="testsOnGymTimeWebApplication.MandatoryAddEnquiry" name="test1" time="5.584"/>
  <testcase classname="testsOnGymTimeWebApplication.MandatoryAddEnquiry" name="test1" time="5.769"/>
  <testcase classname="testsOnGymTimeWebApplication.MandatoryAddEnquiry" name="test1" time="5.651"/>
</testsuite> <!-- testsOnGymTimeWebApplication.MandatoryAddEnquiry -->
