<?xml version="1.0" encoding="UTF-8"?>
<!-- Generated by org.testng.reporters.JUnitReportReporter -->
<testsuite hostname="DESKTOP-63C338T" failures="0" tests="1" name="testsOnGymTimeWebApplication.AddMemberTest" time="25.275" errors="0" timestamp="2023-07-18T18:55:54 IST" skipped="0">
  <testcase classname="testsOnGymTimeWebApplication.AddMemberTest" name="login" time="25.275"/>
</testsuite> <!-- testsOnGymTimeWebApplication.AddMemberTest -->
